Arguments: 
  /usr/bin/node /home/samkhan/.yarn/releases/yarn-1.22.11.cjs add vite postcss auptotprefixer tailwindcss

PATH: 
  /home/samkhan/.local/bin:/usr/local/sbin:/usr/local/bin:/usr/sbin:/usr/bin:/sbin:/bin:/usr/games:/usr/local/games:/snap/bin:/snap/bin

Yarn version: 
  1.22.11

Node version: 
  12.22.5

Platform: 
  linux x64

Trace: 
  Error: connect EHOSTUNREACH 104.16.25.35:443
      at TCPConnectWrap.afterConnect [as oncomplete] (net.js:1138:16)

npm manifest: 
  {
    "name": "tip-calculator",
    "version": "1.0.0",
    "main": "index.js",
    "author": "sam",
    "license": "MIT"
  }

yarn manifest: 
  No manifest

Lockfile: 
  No lockfile
